2019-07-16 13:17:31,184 [Worker-6] INFO  c.g.t.t.d.PublishedGradleVersions - Gradle version information cache is up-to-date. Trying to read.
2019-07-16 13:18:58,344 [Worker-15] INFO  o.e.m.c.i.l.LifecycleMappingFactory - Using org.eclipse.m2e.jdt.JarLifecycleMapping lifecycle mapping for MavenProject: Test3:LimeHomeQATest_TestNG:0.0.1-SNAPSHOT @ E:\Vinay_data\workspace\LimeHomeQATestTestNG\pom.xml.
2019-07-16 13:18:58,343 [Worker-5] INFO  o.e.m.c.i.l.LifecycleMappingFactory - Using org.eclipse.m2e.jdt.JarLifecycleMapping lifecycle mapping for MavenProject: Test3:LimeHomeQATest_TestNG:0.0.1-SNAPSHOT @ E:\Vinay_data\workspace\LimeHomeQATestTestNG\pom.xml.
2019-07-16 13:19:22,679 [Worker-5] INFO  o.e.m.c.i.embedder.EclipseLogger - Using 'UTF-8' encoding to copy filtered resources.
2019-07-16 13:19:22,685 [Worker-5] INFO  o.e.m.c.i.embedder.EclipseLogger - skip non existing resourceDirectory E:\Vinay_data\workspace\LimeHomeQATestTestNG\src\main\resources
2019-07-16 13:19:22,690 [Worker-5] INFO  o.e.m.c.i.embedder.EclipseLogger - Using 'UTF-8' encoding to copy filtered resources.
2019-07-16 13:19:22,691 [Worker-5] INFO  o.e.m.c.i.embedder.EclipseLogger - skip non existing resourceDirectory E:\Vinay_data\workspace\LimeHomeQATestTestNG\src\test\resources
2019-07-16 13:19:23,009 [Worker-11] INFO  o.e.m.c.i.p.ProjectConfigurationManager - Update started
2019-07-16 13:19:24,540 [Worker-11] INFO  o.e.m.c.i.l.LifecycleMappingFactory - Using org.eclipse.m2e.jdt.JarLifecycleMapping lifecycle mapping for MavenProject: Test3:LimeHomeQATest_TestNG:0.0.1-SNAPSHOT @ E:\Vinay_data\workspace\LimeHomeQATestTestNG\pom.xml.
2019-07-16 13:19:25,612 [Worker-11] INFO  o.e.m.j.i.AbstractJavaProjectConfigurator - Adding source folder /LimeHomeQATestTestNG/src/main/java
2019-07-16 13:19:25,614 [Worker-11] INFO  o.e.m.j.i.AbstractJavaProjectConfigurator - Adding source folder /LimeHomeQATestTestNG/src/test/java
2019-07-16 13:19:26,222 [Worker-11] INFO  o.e.m.c.i.p.ProjectConfigurationManager - Update completed: 3 sec
2019-07-16 13:19:28,934 [Worker-11] INFO  o.e.m.c.i.l.LifecycleMappingFactory - Using org.eclipse.m2e.jdt.JarLifecycleMapping lifecycle mapping for MavenProject: Test3:LimeHomeQATest_TestNG:0.0.1-SNAPSHOT @ E:\Vinay_data\workspace\LimeHomeQATestTestNG\pom.xml.
2019-07-16 13:19:28,963 [Worker-1] INFO  o.e.m.c.i.embedder.EclipseLogger - Using 'UTF-8' encoding to copy filtered resources.
2019-07-16 13:19:28,964 [Worker-1] INFO  o.e.m.c.i.embedder.EclipseLogger - skip non existing resourceDirectory E:\Vinay_data\workspace\LimeHomeQATestTestNG\src\main\resources
2019-07-16 13:19:28,969 [Worker-1] INFO  o.e.m.c.i.embedder.EclipseLogger - Using 'UTF-8' encoding to copy filtered resources.
2019-07-16 13:19:28,969 [Worker-1] INFO  o.e.m.c.i.embedder.EclipseLogger - skip non existing resourceDirectory E:\Vinay_data\workspace\LimeHomeQATestTestNG\src\test\resources
2019-07-16 13:19:30,913 [Worker-1] INFO  o.e.m.c.i.embedder.EclipseLogger - Using 'UTF-8' encoding to copy filtered resources.
2019-07-16 13:19:30,913 [Worker-1] INFO  o.e.m.c.i.embedder.EclipseLogger - skip non existing resourceDirectory E:\Vinay_data\workspace\LimeHomeQATestTestNG\src\main\resources
2019-07-16 13:19:30,916 [Worker-1] INFO  o.e.m.c.i.embedder.EclipseLogger - Using 'UTF-8' encoding to copy filtered resources.
2019-07-16 13:19:30,916 [Worker-1] INFO  o.e.m.c.i.embedder.EclipseLogger - skip non existing resourceDirectory E:\Vinay_data\workspace\LimeHomeQATestTestNG\src\test\resources
